Punkte pro Testfall: 10; 0; Maximum: 30 

Testfall: let p l=[(a,b,c,d,f)|(a,b,c,d,_,f)<-l];d=("T","R",["A","B"],1999,Thriller,22);in (p.rm_dup)[d,d] ; Testfall FALSCH 
Erwartet: let p l=[(a,b,c,d,f)|(a,b,c,d,_,f)<-l];d=("T","R",["A","B"],1999,Thriller,22);in (p.rm_dup)[d,d]==p[d] 
Ausgabe:  let p l=[(a,b,c,d,f)|(a,b,c,d,_,f)<-l];d=("T","R",["A","B"],1999,Thriller,22);in (p.rm_dup)[d,d]ERROR "Aufgabe7.hs/f0925545.hs":61 - Syntax error in expression (unexpected `)') ==ERROR - Undefined data constructor "Thriller"   
Testfall: get_rtd[("T",[r],["A","B"],1999,Thriller,22)|r<-"xyz"] ; Testfall FALSCH 
Erwartet: get_rtd[("T",[r],["A","B"],1999,Thriller,22)|r<-"xyz"]==[([r],"T",1999)|r<-"xyz"] 
Ausgabe:  get_rtd[("T",[r],["A","B"],1999,Thriller,22)|r<-"xyz"]ERROR "Aufgabe7.hs/f0925545.hs":61 - Syntax error in expression (unexpected `)') ==ERROR - Undefined data constructor "Thriller"   
Testfall: let p l=[(a,b)|(a,b,c)<-l];in(p.get_rtg)[("T",[r],[[r],"B"],1999,Thriller,22)|r<-"xyz"] ; Testfall FALSCH 
Erwartet: let p l=[(a,b)|(a,b,c)<-l];in(p.get_rtg)[("T",[r],[[r],"B"],1999,Thriller,22)|r<-"xyz"]==p[([r],"T",Thriller)|r<-"xyz"] 
Ausgabe:  let p l=[(a,b)|(a,b,c)<-l];in(p.get_rtg)[("T",[r],[[r],"B"],1999,Thriller,22)|r<-"xyz"]ERROR "Aufgabe7.hs/f0925545.hs":61 - Syntax error in expression (unexpected `)') ==ERROR - Undefined data constructor "Thriller"   

Testfaelle OK: 0; Testfaelle FALSCH: 3
Punkte : 0

Punkte pro Testfall: 5; 0; Maximum: 10 

Testfall: let p l=[(a,b,c,d,f)|(a,b,c,d,_,f)<-l];db=[("T","r",["A","B"],j,Thriller,11)|j<-[1999,1998..1940]];in (p.sort_dbj) db  ; Testfall FALSCH 
Erwartet: let p l=[(a,b,c,d,f)|(a,b,c,d,_,f)<-l];db=[("T","r",["A","B"],j,Thriller,11)|j<-[1999,1998..1940]];in (p.sort_dbj) db == p db 
Ausgabe:  let p l=[(a,b,c,d,f)|(a,b,c,d,_,f)<-l];db=[("T","r",["A","B"],j,Thriller,11)|j<-[1999,1998..1940]];in (p.sort_dbj) db ERROR "Aufgabe7.hs/f0925545.hs":61 - Syntax error in expression (unexpected `)') ==ERROR - Undefined data constructor "Thriller"   
Testfall: let p l=[(a,b,c,d,f)|(a,b,c,d,_,f)<-l];db=[("T","r",["A","B"],j,Thriller,11)|j<-[1940..1999]];in (p.sort_dbj.sort_dbj) db  ; Testfall FALSCH 
Erwartet: let p l=[(a,b,c,d,f)|(a,b,c,d,_,f)<-l];db=[("T","r",["A","B"],j,Thriller,11)|j<-[1940..1999]];in (p.sort_dbj.sort_dbj) db == (p.sort_dbj) db 
Ausgabe:  let p l=[(a,b,c,d,f)|(a,b,c,d,_,f)<-l];db=[("T","r",["A","B"],j,Thriller,11)|j<-[1940..1999]];in (p.sort_dbj.sort_dbj) db ERROR "Aufgabe7.hs/f0925545.hs":61 - Syntax error in expression (unexpected `)') ==ERROR - Undefined data constructor "Thriller"   

Testfaelle OK: 0; Testfaelle FALSCH: 2
Punkte : 0

Punkte pro Testfall: 9; 0; Maximum: 60 

Testfall: let f Plus=(+);f Times=(*);f Minus=(-);f Div=div;z s(e:l)(o:k)=z((f o)s e)l k;z s _ _=s;in[l|(l,n)<-[([3,6,(-2),3,21],42)],z(head l)(tail l)(solve(l,n))/=n] ; Testfall FALSCH 
Erwartet: let f Plus=(+);f Times=(*);f Minus=(-);f Div=div;z s(e:l)(o:k)=z((f o)s e)l k;z s _ _=s;in[l|(l,n)<-[([3,6,(-2),3,21],42)],z(head l)(tail l)(solve(l,n))/=n]==[] 
Ausgabe:  let f Plus=(+);f Times=(*);f Minus=(-);f Div=div;z s(e:l)(o:k)=z((f o)s e)l k;z s _ _=s;in[l|(l,n)<-[([3,6,(-2),3,21],42)],z(head l)(tail l)(solve(l,n))/=n]ERROR "Aufgabe7.hs/f0925545.hs":61 - Syntax error in expression (unexpected `)') ==ERROR - Undefined data constructor "Plus"   
Testfall: let f Plus=(+);f Times=(*);f Minus=(-);f Div=div;z s(e:l)(o:k)=z((f o)s e)l k;z s _ _=s;in[l|(l,n)<-[([10,6,12,15,3,13],(-52))],z(head l)(tail l)(solve(l,n))/=n] ; Testfall FALSCH 
Erwartet: let f Plus=(+);f Times=(*);f Minus=(-);f Div=div;z s(e:l)(o:k)=z((f o)s e)l k;z s _ _=s;in[l|(l,n)<-[([10,6,12,15,3,13],(-52))],z(head l)(tail l)(solve(l,n))/=n]==[] 
Ausgabe:  let f Plus=(+);f Times=(*);f Minus=(-);f Div=div;z s(e:l)(o:k)=z((f o)s e)l k;z s _ _=s;in[l|(l,n)<-[([10,6,12,15,3,13],(-52))],z(head l)(tail l)(solve(l,n))/=n]ERROR "Aufgabe7.hs/f0925545.hs":61 - Syntax error in expression (unexpected `)') ==ERROR - Undefined data constructor "Plus"   
Testfall: let f Plus=(+);f Times=(*);f Minus=(-);f Div=div;z s(e:l)(o:k)=z((f o)s e)l k;z s _ _=s;in[l|(l,n)<-[([10,6,12,15,3,13],(-52))],z(head l)(tail l)(solve(l,n))/=n] ; Testfall FALSCH 
Erwartet: let f Plus=(+);f Times=(*);f Minus=(-);f Div=div;z s(e:l)(o:k)=z((f o)s e)l k;z s _ _=s;in[l|(l,n)<-[([10,6,12,15,3,13],(-52))],z(head l)(tail l)(solve(l,n))/=n]==[] 
Ausgabe:  let f Plus=(+);f Times=(*);f Minus=(-);f Div=div;z s(e:l)(o:k)=z((f o)s e)l k;z s _ _=s;in[l|(l,n)<-[([10,6,12,15,3,13],(-52))],z(head l)(tail l)(solve(l,n))/=n]ERROR "Aufgabe7.hs/f0925545.hs":61 - Syntax error in expression (unexpected `)') ==ERROR - Undefined data constructor "Plus"   
Testfall: let f Plus=(+);f Times=(*);f Minus=(-);f Div=div;z s(e:l)(o:k)=z((f o)s e)l k;z s _ _=s;y l o=z(head l)(tail l) o;in[l|v<-[[Minus,Minus,Minus,Plus,Times]],l<-[[10,6,12,15,3,13]],y l(solve(l,y l v))/=y l v] ; Testfall FALSCH 
Erwartet: let f Plus=(+);f Times=(*);f Minus=(-);f Div=div;z s(e:l)(o:k)=z((f o)s e)l k;z s _ _=s;y l o=z(head l)(tail l) o;in[l|v<-[[Minus,Minus,Minus,Plus,Times]],l<-[[10,6,12,15,3,13]],y l(solve(l,y l v))/=y l v]==[] 
Ausgabe:  let f Plus=(+);f Times=(*);f Minus=(-);f Div=div;z s(e:l)(o:k)=z((f o)s e)l k;z s _ _=s;y l o=z(head l)(tail l) o;in[l|v<-[[Minus,Minus,Minus,Plus,Times]],l<-[[10,6,12,15,3,13]],y l(solve(l,y l v))/=y l v]ERROR "Aufgabe7.hs/f0925545.hs":61 - Syntax error in expression (unexpected `)') ==ERROR - Undefined data constructor "Plus"   
Testfall: let f Plus=(+);f Times=(*);f Minus=(-);f Div=div;z s(e:l)(o:k)=z((f o)s e)l k;z s _ _=s;y l o=z(head l)(tail l) o;in[l|o<-[Minus,Plus,Times],v<-[[Minus,o,Minus,o,Times]],l<-[[10,6,12,15,3,13]],y l(solve(l,y l v))/=y l v] ; Testfall FALSCH 
Erwartet: let f Plus=(+);f Times=(*);f Minus=(-);f Div=div;z s(e:l)(o:k)=z((f o)s e)l k;z s _ _=s;y l o=z(head l)(tail l) o;in[l|o<-[Minus,Plus,Times],v<-[[Minus,o,Minus,o,Times]],l<-[[10,6,12,15,3,13]],y l(solve(l,y l v))/=y l v]==[] 
Ausgabe:  let f Plus=(+);f Times=(*);f Minus=(-);f Div=div;z s(e:l)(o:k)=z((f o)s e)l k;z s _ _=s;y l o=z(head l)(tail l) o;in[l|o<-[Minus,Plus,Times],v<-[[Minus,o,Minus,o,Times]],l<-[[10,6,12,15,3,13]],y l(solve(l,y l v))/=y l v]ERROR "Aufgabe7.hs/f0925545.hs":61 - Syntax error in expression (unexpected `)') ==ERROR - Undefined data constructor "Plus"   
Testfall: let f Plus=(+);f Times=(*);f Minus=(-);f Div=div;z s(e:l)(o:k)=z((f o)s e)l k;z s _ _=s;y l o=z(head l)(tail l) o;in[l|o<-[Minus,Plus,Times],v<-[[Minus,o,Minus,o,Times]],l<-[[1..6],[6,5..1]],y l(solve(l,y l v))/=y l v] ; Testfall FALSCH 
Erwartet: let f Plus=(+);f Times=(*);f Minus=(-);f Div=div;z s(e:l)(o:k)=z((f o)s e)l k;z s _ _=s;y l o=z(head l)(tail l) o;in[l|o<-[Minus,Plus,Times],v<-[[Minus,o,Minus,o,Times]],l<-[[1..6],[6,5..1]],y l(solve(l,y l v))/=y l v]==[] 
Ausgabe:  let f Plus=(+);f Times=(*);f Minus=(-);f Div=div;z s(e:l)(o:k)=z((f o)s e)l k;z s _ _=s;y l o=z(head l)(tail l) o;in[l|o<-[Minus,Plus,Times],v<-[[Minus,o,Minus,o,Times]],l<-[[1..6],[6,5..1]],y l(solve(l,y l v))/=y l v]ERROR "Aufgabe7.hs/f0925545.hs":61 - Syntax error in expression (unexpected `)') ==ERROR - Undefined data constructor "Plus"   
Testfall: [1|p<-[([42],42),([42],21),([3,2],42)],solve p/=[]]  ; Testfall FALSCH 
Erwartet: [1|p<-[([42],42),([42],21),([3,2],42)],solve p/=[]] == [] 
Ausgabe:  [1|p<-[([42],42),([42],21),([3,2],42)],solve p/=[]] ERROR "Aufgabe7.hs/f0925545.hs":61 - Syntax error in expression (unexpected `)') ==ERROR - Undefined variable "solve"   

Testfaelle OK: 0; Testfaelle FALSCH: 7
Punkte : 0

Punkte gesamt: 0

